<?xml version="1.0" encoding="UTF-8"?>
<!-- Generated by org.testng.reporters.JUnitReportReporter -->
<testsuite hostname="dasg16" failures="0" tests="5" name="com.das.validation.LoginTest" time="58.934" errors="0" timestamp="2023-07-28T06:17:15 EDT" skipped="0">
  <testcase classname="com.das.validation.LoginTest" name="validateCartpage" time="11.451"/>
  <system-out/>
  <testcase classname="com.das.validation.LoginTest" name="validateCartpage" time="11.899"/>
  <system-out/>
  <testcase classname="com.das.validation.LoginTest" name="validateCartpage" time="11.511"/>
  <system-out/>
  <testcase classname="com.das.validation.LoginTest" name="validateCartpage" time="11.855"/>
  <system-out/>
  <testcase classname="com.das.validation.LoginTest" name="validateCartpage" time="12.218"/>
  <system-out/>
</testsuite> <!-- com.das.validation.LoginTest -->
