<?xml version="1.0" encoding="UTF-8"?>
<!-- Generated by org.testng.reporters.JUnitReportReporter -->
<testsuite hostname="dasg16" failures="0" tests="3" name="com.das.validation.LoginTest" time="41.675" errors="0" timestamp="2023-08-08T22:51:44 EDT" skipped="0">
  <testcase classname="com.das.validation.LoginTest" name="validateCartpage" time="13.591"/>
  <system-out/>
  <testcase classname="com.das.validation.LoginTest" name="validateCartpage" time="14.136"/>
  <system-out/>
  <testcase classname="com.das.validation.LoginTest" name="validateCartpage" time="13.948"/>
  <system-out/>
</testsuite> <!-- com.das.validation.LoginTest -->
