<?xml version="1.0" encoding="UTF-8"?>
<!-- Generated by org.testng.reporters.JUnitReportReporter -->
<testsuite hostname="dasg16" failures="0" tests="5" name="com.das.validation.LoginTest" time="59.424" errors="0" timestamp="2023-07-29T18:28:44 EDT" skipped="0">
  <testcase classname="com.das.validation.LoginTest" name="validateCartpage" time="11.619"/>
  <system-out/>
  <testcase classname="com.das.validation.LoginTest" name="validateCartpage" time="12.495"/>
  <system-out/>
  <testcase classname="com.das.validation.LoginTest" name="validateCartpage" time="11.918"/>
  <system-out/>
  <testcase classname="com.das.validation.LoginTest" name="validateCartpage" time="11.605"/>
  <system-out/>
  <testcase classname="com.das.validation.LoginTest" name="validateCartpage" time="11.787"/>
  <system-out/>
</testsuite> <!-- com.das.validation.LoginTest -->
