<?xml version="1.0" encoding="UTF-8"?>
<!-- Generated by org.testng.reporters.JUnitReportReporter -->
<testsuite hostname="dasg16" failures="0" tests="5" name="com.das.validation.LoginTest" time="41.962" errors="0" timestamp="2023-07-29T19:15:40 EDT" skipped="0">
  <testcase classname="com.das.validation.LoginTest" name="validateCartpage" time="8.621"/>
  <system-out/>
  <testcase classname="com.das.validation.LoginTest" name="validateCartpage" time="9.168"/>
  <system-out/>
  <testcase classname="com.das.validation.LoginTest" name="validateCartpage" time="7.664"/>
  <system-out/>
  <testcase classname="com.das.validation.LoginTest" name="validateCartpage" time="8.932"/>
  <system-out/>
  <testcase classname="com.das.validation.LoginTest" name="validateCartpage" time="7.577"/>
  <system-out/>
</testsuite> <!-- com.das.validation.LoginTest -->
