<?xml version="1.0" encoding="UTF-8"?>
<!-- Generated by org.testng.reporters.JUnitReportReporter -->
<testsuite hostname="dasg16" failures="0" tests="5" name="com.das.validation.LoginTest" time="53.910" errors="0" timestamp="2023-07-28T00:06:07 EDT" skipped="0">
  <testcase classname="com.das.validation.LoginTest" name="validateCartpage" time="10.379"/>
  <system-out/>
  <testcase classname="com.das.validation.LoginTest" name="validateCartpage" time="10.681"/>
  <system-out/>
  <testcase classname="com.das.validation.LoginTest" name="validateCartpage" time="10.689"/>
  <system-out/>
  <testcase classname="com.das.validation.LoginTest" name="validateCartpage" time="11.023"/>
  <system-out/>
  <testcase classname="com.das.validation.LoginTest" name="validateCartpage" time="11.138"/>
  <system-out/>
</testsuite> <!-- com.das.validation.LoginTest -->
