<?xml version="1.0" encoding="UTF-8"?>
<!-- Generated by org.testng.reporters.JUnitReportReporter -->
<testsuite hostname="dasg16" failures="0" tests="5" name="com.das.validation.LoginTest" time="48.586" errors="0" timestamp="2023-07-27T20:29:47 EDT" skipped="0">
  <testcase classname="com.das.validation.LoginTest" name="validateCartpage" time="9.396"/>
  <system-out/>
  <testcase classname="com.das.validation.LoginTest" name="validateCartpage" time="10.047"/>
  <system-out/>
  <testcase classname="com.das.validation.LoginTest" name="validateCartpage" time="9.342"/>
  <system-out/>
  <testcase classname="com.das.validation.LoginTest" name="validateCartpage" time="9.893"/>
  <system-out/>
  <testcase classname="com.das.validation.LoginTest" name="validateCartpage" time="9.908"/>
  <system-out/>
</testsuite> <!-- com.das.validation.LoginTest -->
