<?xml version="1.0" encoding="UTF-8"?>
<!-- Generated by org.testng.reporters.JUnitReportReporter -->
<testsuite hostname="dasg16" failures="0" tests="5" name="com.das.validation.LoginTest" time="54.785" errors="0" timestamp="2023-07-29T16:15:28 EDT" skipped="0">
  <testcase classname="com.das.validation.LoginTest" name="validateCartpage" time="11.150"/>
  <system-out/>
  <testcase classname="com.das.validation.LoginTest" name="validateCartpage" time="10.690"/>
  <system-out/>
  <testcase classname="com.das.validation.LoginTest" name="validateCartpage" time="11.226"/>
  <system-out/>
  <testcase classname="com.das.validation.LoginTest" name="validateCartpage" time="11.014"/>
  <system-out/>
  <testcase classname="com.das.validation.LoginTest" name="validateCartpage" time="10.705"/>
  <system-out/>
</testsuite> <!-- com.das.validation.LoginTest -->
