<?xml version="1.0" encoding="UTF-8"?>
<!-- Generated by org.testng.reporters.JUnitReportReporter -->
<testsuite hostname="dasg16" failures="0" tests="5" name="com.das.validation.LoginTest" time="49.808" errors="0" timestamp="2023-07-27T21:23:32 EDT" skipped="0">
  <testcase classname="com.das.validation.LoginTest" name="validateCartpage" time="9.329"/>
  <system-out/>
  <testcase classname="com.das.validation.LoginTest" name="validateCartpage" time="10.722"/>
  <system-out/>
  <testcase classname="com.das.validation.LoginTest" name="validateCartpage" time="9.899"/>
  <system-out/>
  <testcase classname="com.das.validation.LoginTest" name="validateCartpage" time="9.141"/>
  <system-out/>
  <testcase classname="com.das.validation.LoginTest" name="validateCartpage" time="10.717"/>
  <system-out/>
</testsuite> <!-- com.das.validation.LoginTest -->
