<?xml version="1.0" encoding="UTF-8"?>
<!-- Generated by org.testng.reporters.JUnitReportReporter -->
<testsuite hostname="dasg16" failures="0" tests="3" name="com.das.validation.LoginTest" time="1365.327" errors="0" timestamp="2023-08-08T20:36:42 EDT" skipped="0">
  <testcase classname="com.das.validation.LoginTest" name="validateCartpage" time="453.644"/>
  <system-out/>
  <testcase classname="com.das.validation.LoginTest" name="validateCartpage" time="456.450"/>
  <system-out/>
  <testcase classname="com.das.validation.LoginTest" name="validateCartpage" time="455.233"/>
  <system-out/>
</testsuite> <!-- com.das.validation.LoginTest -->
