<?xml version="1.0" encoding="UTF-8"?>
<!-- Generated by org.testng.reporters.JUnitReportReporter -->
<testsuite hostname="dasg16" failures="0" tests="5" name="com.das.validation.LoginTest" time="46.733" errors="0" timestamp="2023-07-27T20:37:21 EDT" skipped="0">
  <testcase classname="com.das.validation.LoginTest" name="validateCartpage" time="9.571"/>
  <system-out/>
  <testcase classname="com.das.validation.LoginTest" name="validateCartpage" time="9.527"/>
  <system-out/>
  <testcase classname="com.das.validation.LoginTest" name="validateCartpage" time="9.384"/>
  <system-out/>
  <testcase classname="com.das.validation.LoginTest" name="validateCartpage" time="9.382"/>
  <system-out/>
  <testcase classname="com.das.validation.LoginTest" name="validateCartpage" time="8.869"/>
  <system-out/>
</testsuite> <!-- com.das.validation.LoginTest -->
