<?xml version="1.0" encoding="UTF-8"?>
<!-- Generated by org.testng.reporters.JUnitReportReporter -->
<testsuite hostname="dasg16" failures="0" tests="5" name="com.das.validation.LoginTest" time="41.037" errors="0" timestamp="2023-07-29T17:43:16 EDT" skipped="0">
  <testcase classname="com.das.validation.LoginTest" name="validateCartpage" time="9.053"/>
  <system-out/>
  <testcase classname="com.das.validation.LoginTest" name="validateCartpage" time="7.815"/>
  <system-out/>
  <testcase classname="com.das.validation.LoginTest" name="validateCartpage" time="7.448"/>
  <system-out/>
  <testcase classname="com.das.validation.LoginTest" name="validateCartpage" time="8.374"/>
  <system-out/>
  <testcase classname="com.das.validation.LoginTest" name="validateCartpage" time="8.347"/>
  <system-out/>
</testsuite> <!-- com.das.validation.LoginTest -->
