<?xml version="1.0" encoding="UTF-8"?>
<!-- Generated by org.testng.reporters.JUnitReportReporter -->
<testsuite hostname="dasg16" failures="0" tests="2" name="com.das.validation.LoginTestJson" time="18.114" errors="0" timestamp="2023-07-27T09:53:36 EDT" skipped="0">
  <testcase classname="com.das.validation.LoginTestJson" name="validateCartpage" time="8.811"/>
  <system-out/>
  <testcase classname="com.das.validation.LoginTestJson" name="validateCartpage" time="9.303"/>
  <system-out/>
</testsuite> <!-- com.das.validation.LoginTestJson -->
