<?xml version="1.0" encoding="UTF-8"?>
<!-- Generated by org.testng.reporters.JUnitReportReporter -->
<testsuite hostname="dasg16" failures="0" tests="5" name="com.das.validation.LoginTest" time="48.843" errors="0" timestamp="2023-07-27T00:07:11 EDT" skipped="0">
  <testcase classname="com.das.validation.LoginTest" name="validateCartpage" time="9.884"/>
  <system-out/>
  <testcase classname="com.das.validation.LoginTest" name="validateCartpage" time="9.398"/>
  <system-out/>
  <testcase classname="com.das.validation.LoginTest" name="validateCartpage" time="9.845"/>
  <system-out/>
  <testcase classname="com.das.validation.LoginTest" name="validateCartpage" time="10.273"/>
  <system-out/>
  <testcase classname="com.das.validation.LoginTest" name="validateCartpage" time="9.443"/>
  <system-out/>
</testsuite> <!-- com.das.validation.LoginTest -->
