<?xml version="1.0" encoding="UTF-8"?>
<!-- Generated by org.testng.reporters.JUnitReportReporter -->
<testsuite hostname="dasg16" failures="0" tests="5" name="com.das.validation.LoginTest" time="82.748" errors="0" timestamp="2023-07-29T16:31:25 EDT" skipped="0">
  <testcase classname="com.das.validation.LoginTest" name="validateCartpage" time="16.787"/>
  <system-out/>
  <testcase classname="com.das.validation.LoginTest" name="validateCartpage" time="16.393"/>
  <system-out/>
  <testcase classname="com.das.validation.LoginTest" name="validateCartpage" time="16.058"/>
  <system-out/>
  <testcase classname="com.das.validation.LoginTest" name="validateCartpage" time="16.001"/>
  <system-out/>
  <testcase classname="com.das.validation.LoginTest" name="validateCartpage" time="17.509"/>
  <system-out/>
</testsuite> <!-- com.das.validation.LoginTest -->
