<?xml version="1.0" encoding="UTF-8"?>
<!-- Generated by org.testng.reporters.JUnitReportReporter -->
<testsuite hostname="DESKTOP-L6N98KA" failures="0" tests="1" name="com.das.core.BaseTest" time="3.476" errors="0" timestamp="2022-02-05T17:42:44 EST" skipped="0">
  <testcase classname="com.das.core.BaseTest" name="loadConfig" time="3.476"/>
  <system-out/>
</testsuite> <!-- com.das.core.BaseTest -->
