<?xml version="1.0" encoding="UTF-8"?>
<!-- Generated by org.testng.reporters.JUnitReportReporter -->
<testsuite hostname="dasg16" failures="0" tests="5" name="com.das.validation.LoginTest" time="57.975" errors="0" timestamp="2023-07-29T14:51:34 EDT" skipped="0">
  <testcase classname="com.das.validation.LoginTest" name="validateCartpage" time="11.778"/>
  <system-out/>
  <testcase classname="com.das.validation.LoginTest" name="validateCartpage" time="11.561"/>
  <system-out/>
  <testcase classname="com.das.validation.LoginTest" name="validateCartpage" time="12.001"/>
  <system-out/>
  <testcase classname="com.das.validation.LoginTest" name="validateCartpage" time="10.831"/>
  <system-out/>
  <testcase classname="com.das.validation.LoginTest" name="validateCartpage" time="11.804"/>
  <system-out/>
</testsuite> <!-- com.das.validation.LoginTest -->
