<?xml version="1.0" encoding="UTF-8"?>
<!-- Generated by org.testng.reporters.JUnitReportReporter -->
<testsuite hostname="dasg16" failures="0" tests="5" name="com.das.validation.LoginTest" time="43.814" errors="0" timestamp="2023-07-27T00:10:10 EDT" skipped="0">
  <testcase classname="com.das.validation.LoginTest" name="validateCartpage" time="8.160"/>
  <system-out/>
  <testcase classname="com.das.validation.LoginTest" name="validateCartpage" time="8.954"/>
  <system-out/>
  <testcase classname="com.das.validation.LoginTest" name="validateCartpage" time="9.035"/>
  <system-out/>
  <testcase classname="com.das.validation.LoginTest" name="validateCartpage" time="8.532"/>
  <system-out/>
  <testcase classname="com.das.validation.LoginTest" name="validateCartpage" time="9.133"/>
  <system-out/>
</testsuite> <!-- com.das.validation.LoginTest -->
